-------------------------------------------------------------------------------
Test set: com.bootcamp.entities.ProgrammeNGTest
-------------------------------------------------------------------------------
Tests run: 2, Failures: 1, Errors: 0, Skipped: 0, Time elapsed: 9.833 sec <<< FAILURE!
testSetId(com.bootcamp.entities.ProgrammeNGTest)  Time elapsed: 0.016 sec  <<< FAILURE!
java.lang.AssertionError: The test case is a prototype.
	at org.testng.Assert.fail(Assert.java:93)
	at com.bootcamp.entities.ProgrammeNGTest.testSetId(ProgrammeNGTest.java:79)
